This is pdfTeX, Version 3.1415926-2.5-1.40.14 (MiKTeX 2.9 64-bit) (preloaded format=pdflatex 2015.3.31)  1 APR 2015 23:22
entering extended mode
**relatório.tex
(C:\Users\Sandra\Documents\GitHub\PL-Museu\relatório.tex
LaTeX2e <2011/06/27>
Babel <v3.8m> and hyphenation patterns for english, afrikaans, ancientgreek, ar
abic, armenian, assamese, basque, bengali, bokmal, bulgarian, catalan, coptic, 
croatian, czech, danish, dutch, esperanto, estonian, farsi, finnish, french, ga
lician, german, german-x-2013-05-26, greek, gujarati, hindi, hungarian, iceland
ic, indonesian, interlingua, irish, italian, kannada, kurmanji, latin, latvian,
 lithuanian, malayalam, marathi, mongolian, mongolianlmc, monogreek, ngerman, n
german-x-2013-05-26, nynorsk, oriya, panjabi, pinyin, polish, portuguese, roman
ian, russian, sanskrit, serbian, slovak, slovenian, spanish, swedish, swissgerm
an, tamil, telugu, turkish, turkmen, ukenglish, ukrainian, uppersorbian, usengl
ishmax, welsh, loaded.
("C:\Program Files\MiKTeX 2.9\tex\latex\base\report.cls"
Document Class: report 2007/10/19 v1.4h Standard LaTeX document class
("C:\Program Files\MiKTeX 2.9\tex\latex\base\size10.clo"
File: size10.clo 2007/10/19 v1.4h Standard LaTeX file (size option)
)
\c@part=\count79
\c@chapter=\count80
\c@section=\count81
\c@subsection=\count82
\c@subsubsection=\count83
\c@paragraph=\count84
\c@subparagraph=\count85
\c@figure=\count86
\c@table=\count87
\abovecaptionskip=\skip41
\belowcaptionskip=\skip42
\bibindent=\dimen102
)
("C:\Program Files\MiKTeX 2.9\tex\generic\babel\babel.sty"
Package: babel 2008/07/08 v3.8m The Babel package

*************************************
* Local config file bblopts.cfg used
*
("C:\Program Files\MiKTeX 2.9\tex\latex\00miktex\bblopts.cfg"
File: bblopts.cfg 2006/07/31 v1.0 MiKTeX 'babel' configuration
)
("C:\Program Files\MiKTeX 2.9\tex\generic\babel\portuges.ldf"
Language: portuges 2008/03/18 v1.2q Portuguese support from the babel system

("C:\Program Files\MiKTeX 2.9\tex\generic\babel\babel.def"
File: babel.def 2008/07/08 v3.8m Babel common definitions
\babel@savecnt=\count88
\U@D=\dimen103
)
Package babel Info: Making " an active character on input line 145.
))
("C:\Program Files\MiKTeX 2.9\tex\latex\base\inputenc.sty"
Package: inputenc 2008/03/30 v1.1d Input encoding file
\inpenc@prehook=\toks14
\inpenc@posthook=\toks15

("C:\Program Files\MiKTeX 2.9\tex\latex\base\latin1.def"
File: latin1.def 2008/03/30 v1.1d Input encoding file
))
("C:\Program Files\MiKTeX 2.9\tex\latex\graphics\graphicx.sty"
Package: graphicx 1999/02/16 v1.0f Enhanced LaTeX Graphics (DPC,SPQR)

("C:\Program Files\MiKTeX 2.9\tex\latex\graphics\keyval.sty"
Package: keyval 1999/03/16 v1.13 key=value parser (DPC)
\KV@toks@=\toks16
)
("C:\Program Files\MiKTeX 2.9\tex\latex\graphics\graphics.sty"
Package: graphics 2009/02/05 v1.0o Standard LaTeX Graphics (DPC,SPQR)

("C:\Program Files\MiKTeX 2.9\tex\latex\graphics\trig.sty"
Package: trig 1999/03/16 v1.09 sin cos tan (DPC)
)
("C:\Program Files\MiKTeX 2.9\tex\latex\00miktex\graphics.cfg"
File: graphics.cfg 2007/01/18 v1.5 graphics configuration of teTeX/TeXLive
)
Package graphics Info: Driver file: pdftex.def on input line 91.

("C:\Program Files\MiKTeX 2.9\tex\latex\pdftex-def\pdftex.def"
File: pdftex.def 2011/05/27 v0.06d Graphics/color for pdfTeX

("C:\Program Files\MiKTeX 2.9\tex\generic\oberdiek\infwarerr.sty"
Package: infwarerr 2010/04/08 v1.3 Providing info/warning/error messages (HO)
)
("C:\Program Files\MiKTeX 2.9\tex\generic\oberdiek\ltxcmds.sty"
Package: ltxcmds 2011/11/09 v1.22 LaTeX kernel commands for general use (HO)
)
\Gread@gobject=\count89
))
\Gin@req@height=\dimen104
\Gin@req@width=\dimen105
)
("C:\Program Files\MiKTeX 2.9\tex\latex\url\url.sty"
\Urlmuskip=\muskip10
Package: url 2013/09/16  ver 3.4  Verb mode for urls, etc.
)
("C:\Program Files\MiKTeX 2.9\tex\latex\listings\listings.sty"
\lst@mode=\count90
\lst@gtempboxa=\box26
\lst@token=\toks17
\lst@length=\count91
\lst@currlwidth=\dimen106
\lst@column=\count92
\lst@pos=\count93
\lst@lostspace=\dimen107
\lst@width=\dimen108
\lst@newlines=\count94
\lst@lineno=\count95
\lst@maxwidth=\dimen109

("C:\Program Files\MiKTeX 2.9\tex\latex\listings\lstmisc.sty"
File: lstmisc.sty 2014/09/06 1.5e (Carsten Heinz)
\c@lstnumber=\count96
\lst@skipnumbers=\count97
\lst@framebox=\box27
)
("C:\Program Files\MiKTeX 2.9\tex\latex\listings\listings.cfg"
File: listings.cfg 2014/09/06 1.5e listings configuration
))
Package: listings 2014/09/06 1.5e (Carsten Heinz)

("C:\Program Files\MiKTeX 2.9\tex\latex\tools\xspace.sty"
Package: xspace 2009/10/20 v1.13 Space after command names (DPC,MH)
)
(C:\Users\Sandra\Documents\GitHub\PL-Museu\relatório.aux)
LaTeX Font Info:    Checking defaults for OML/cmm/m/it on input line 64.
LaTeX Font Info:    ... okay on input line 64.
LaTeX Font Info:    Checking defaults for T1/cmr/m/n on input line 64.
LaTeX Font Info:    ... okay on input line 64.
LaTeX Font Info:    Checking defaults for OT1/cmr/m/n on input line 64.
LaTeX Font Info:    ... okay on input line 64.
LaTeX Font Info:    Checking defaults for OMS/cmsy/m/n on input line 64.
LaTeX Font Info:    ... okay on input line 64.
LaTeX Font Info:    Checking defaults for OMX/cmex/m/n on input line 64.
LaTeX Font Info:    ... okay on input line 64.
LaTeX Font Info:    Checking defaults for U/cmr/m/n on input line 64.
LaTeX Font Info:    ... okay on input line 64.

("C:\Program Files\MiKTeX 2.9\tex\context\base\supp-pdf.mkii"
[Loading MPS to PDF converter (version 2006.09.02).]
\scratchcounter=\count98
\scratchdimen=\dimen110
\scratchbox=\box28
\nofMPsegments=\count99
\nofMParguments=\count100
\everyMPshowfont=\toks18
\MPscratchCnt=\count101
\MPscratchDim=\dimen111
\MPnumerator=\count102
\makeMPintoPDFobject=\count103
\everyMPtoPDFconversion=\toks19
)
\c@lstlisting=\count104
LaTeX Font Info:    External font `cmex10' loaded for size
(Font)              <17.28> on input line 66.
LaTeX Font Info:    External font `cmex10' loaded for size
(Font)              <12> on input line 66.
LaTeX Font Info:    External font `cmex10' loaded for size
(Font)              <8> on input line 66.
LaTeX Font Info:    External font `cmex10' loaded for size
(Font)              <6> on input line 66.
 [1

{C:/ProgramData/MiKTeX/2.9/pdftex/config/pdftex.map}] [1]
(C:\Users\Sandra\Documents\GitHub\PL-Museu\relatório.toc
LaTeX Font Info:    External font `cmex10' loaded for size
(Font)              <7> on input line 4.
LaTeX Font Info:    External font `cmex10' loaded for size
(Font)              <5> on input line 4.
)
\tf@toc=\write3
 [1

]
Cap\'{\i }tulo 1.
[2

]
Cap\'{\i }tulo 2.
[3

]
Cap\'{\i }tulo 3.

Underfull \hbox (badness 10000) in paragraph at lines 96--97

 []

[4

] ("C:\Program Files\MiKTeX 2.9\tex\latex\listings\lstlang1.sty"
File: lstlang1.sty 2014/09/06 1.5e listings language file
)
("C:\Program Files\MiKTeX 2.9\tex\latex\listings\lstmisc.sty"
File: lstmisc.sty 2014/09/06 1.5e (Carsten Heinz)
) [5]
LaTeX Font Info:    Try loading font information for OMS+cmr on input line 146.


("C:\Program Files\MiKTeX 2.9\tex\latex\base\omscmr.fd"
File: omscmr.fd 1999/05/25 v2.5h Standard LaTeX font definitions
)
LaTeX Font Info:    Font shape `OMS/cmr/m/n' in size <9> not available
(Font)              Font shape `OMS/cmsy/m/n' tried instead on input line 146.
 [6]
Cap\'{\i }tulo 4.
<imagens/testeAntonioMachado.png, id=39, 1354.05875pt x 654.445pt>
File: imagens/testeAntonioMachado.png Graphic file (type png)

<use imagens/testeAntonioMachado.png>
Package pdftex.def Info: imagens/testeAntonioMachado.png used on input line 168
.
(pdftex.def)             Requested size: 284.52756pt x 137.5174pt.

<imagens/teste2MariaCeleste.png, id=40, 1352.05125pt x 651.43375pt>
File: imagens/teste2MariaCeleste.png Graphic file (type png)

<use imagens/teste2MariaCeleste.png>
Package pdftex.def Info: imagens/teste2MariaCeleste.png used on input line 174.

(pdftex.def)             Requested size: 284.52756pt x 137.08344pt.


LaTeX Warning: `h' float specifier changed to `ht'.

<imagens/testeMariaCeleste.png, id=41, 1352.05125pt x 647.41875pt>
File: imagens/testeMariaCeleste.png Graphic file (type png)

<use imagens/testeMariaCeleste.png>
Package pdftex.def Info: imagens/testeMariaCeleste.png used on input line 180.
(pdftex.def)             Requested size: 284.52756pt x 136.23856pt.


LaTeX Warning: `h' float specifier changed to `ht'.

<imagens/testeTabernadoFausto.png, id=42, 1344.02126pt x 645.41125pt>
File: imagens/testeTabernadoFausto.png Graphic file (type png)

<use imagens/testeTabernadoFausto.png>
Package pdftex.def Info: imagens/testeTabernadoFausto.png used on input line 18
6.
(pdftex.def)             Requested size: 284.52756pt x 136.6335pt.


LaTeX Warning: `h' float specifier changed to `ht'.

[7

 <C:/Users/Sandra/Documents/GitHub/PL-Museu/imagens/testeAntonioMachado.png>] [
8 <C:/Users/Sandra/Documents/GitHub/PL-Museu/imagens/teste2MariaCeleste.png> <C
:/Users/Sandra/Documents/GitHub/PL-Museu/imagens/testeMariaCeleste.png> <C:/Use
rs/Sandra/Documents/GitHub/PL-Museu/imagens/testeTabernadoFausto.png>]
Cap\'{\i }tulo 5.
[9

]
Ap\^endice A.
(C:\Users\Sandra\Documents\GitHub\PL-Museu\parser.l
LaTeX Font Info:    Try loading font information for OML+cmr on input line 3.

("C:\Program Files\MiKTeX 2.9\tex\latex\base\omlcmr.fd"
File: omlcmr.fd 1999/05/25 v2.5h Standard LaTeX font definitions
)
LaTeX Font Info:    Font shape `OML/cmr/m/n' in size <9> not available
(Font)              Font shape `OML/cmm/m/it' tried instead on input line 3.
 [10

] [11]
Overfull \hbox (76.80139pt too wide) in paragraph at lines 82--84
[][][][][] 
 []


Overfull \hbox (91.25137pt too wide) in paragraph at lines 82--84
[][] 
 []


Overfull \hbox (91.25137pt too wide) in paragraph at lines 82--84
[][] 
 []


Overfull \hbox (91.25137pt too wide) in paragraph at lines 82--84
[][] 
 []


Overfull \hbox (135.65152pt too wide) in paragraph at lines 82--84
[][] 
 []


Overfull \hbox (91.25137pt too wide) in paragraph at lines 82--84
[][] 
 []


Overfull \hbox (119.00146pt too wide) in paragraph at lines 82--84
[][] 
 []


Overfull \hbox (91.25137pt too wide) in paragraph at lines 82--84
[][] 
 []


Overfull \hbox (91.25137pt too wide) in paragraph at lines 82--84
[][] 
 []


Overfull \hbox (91.25137pt too wide) in paragraph at lines 82--84
[][] 
 []


Overfull \hbox (91.25137pt too wide) in paragraph at lines 82--84
[][] 
 []


Overfull \hbox (85.70135pt too wide) in paragraph at lines 82--84
[]  
 []


Overfull \hbox (165.60168pt too wide) in paragraph at lines 89--92
[][][][][] 
 []


Overfull \hbox (130.1015pt too wide) in paragraph at lines 89--92
[][] 
 []


Overfull \hbox (146.75156pt too wide) in paragraph at lines 89--92
[][] 
 []


Overfull \hbox (124.55148pt too wide) in paragraph at lines 89--92
[][] 
 []


Overfull \hbox (124.55148pt too wide) in paragraph at lines 89--92
[][] 
 []


Overfull \hbox (141.20154pt too wide) in paragraph at lines 89--92
[][] 
 []


Overfull \hbox (124.55148pt too wide) in paragraph at lines 89--92
[][] 
 []


Overfull \hbox (124.55148pt too wide) in paragraph at lines 89--92
[][] 
 []


Overfull \hbox (124.55148pt too wide) in paragraph at lines 89--92
[][] 
 []


Overfull \hbox (124.55148pt too wide) in paragraph at lines 89--92
[][] 
 []


Overfull \hbox (119.00146pt too wide) in paragraph at lines 89--92
[]  
 []

[12]) [13]
Ap\^endice B.
(C:\Users\Sandra\Documents\GitHub\PL-Museu\listaligada.c
LaTeX Font Info:    External font `cmex10' loaded for size
(Font)              <9> on input line 8.
 [14

] [15]) [16]
Ap\^endice C.
(C:\Users\Sandra\Documents\GitHub\PL-Museu\html.c [17

]) [18]
(C:\Users\Sandra\Documents\GitHub\PL-Museu\relatório.aux) ) 
Here is how much of TeX's memory you used:
 3826 strings out of 493921
 49877 string characters out of 3147279
 240344 words of memory out of 3000000
 7085 multiletter control sequences out of 15000+200000
 11751 words of font info for 41 fonts, out of 3000000 for 9000
 841 hyphenation exceptions out of 8191
 30i,7n,51p,720b,1601s stack positions out of 5000i,500n,10000p,200000b,50000s
<C:/Program Files/M
iKTeX 2.9/fonts/type1/public/amsfonts/cm/cmbx10.pfb><C:/Program Files/MiKTeX 2.
9/fonts/type1/public/amsfonts/cm/cmbx12.pfb><C:/Program Files/MiKTeX 2.9/fonts/
type1/public/amsfonts/cm/cmbx9.pfb><C:/Program Files/MiKTeX 2.9/fonts/type1/pub
lic/amsfonts/cm/cmmi9.pfb><C:/Program Files/MiKTeX 2.9/fonts/type1/public/amsfo
nts/cm/cmr10.pfb><C:/Program Files/MiKTeX 2.9/fonts/type1/public/amsfonts/cm/cm
r12.pfb><C:/Program Files/MiKTeX 2.9/fonts/type1/public/amsfonts/cm/cmr17.pfb><
C:/Program Files/MiKTeX 2.9/fonts/type1/public/amsfonts/cm/cmr5.pfb><C:/Program
 Files/MiKTeX 2.9/fonts/type1/public/amsfonts/cm/cmr9.pfb><C:/Program Files/MiK
TeX 2.9/fonts/type1/public/amsfonts/cm/cmsy5.pfb><C:/Program Files/MiKTeX 2.9/f
onts/type1/public/amsfonts/cm/cmsy9.pfb><C:/Program Files/MiKTeX 2.9/fonts/type
1/public/amsfonts/cm/cmti10.pfb><C:/Program Files/MiKTeX 2.9/fonts/type1/public
/amsfonts/cm/cmtt10.pfb><C:/Program Files/MiKTeX 2.9/fonts/type1/public/amsfont
s/cm/cmu10.pfb>
Output written on relatório.pdf (20 pages, 1168710 bytes).
PDF statistics:
 127 PDF objects out of 1000 (max. 8388607)
 0 named destinations out of 1000 (max. 500000)
 21 words of extra memory for PDF output out of 10000 (max. 10000000)

